20220719-111748

Calculated vs Observed Data
   Period(s)  orh(Ohm.m)  crh(Ohm.m)    oph(Deg)    cph(Deg)
    1.00e-04    1.19e+02    1.26e+02    5.66e+01    6.63e+01
    2.34e-04    7.97e+01    8.12e+01    6.93e+01    6.85e+01
    5.46e-04    5.57e+01    5.05e+01    7.96e+01    6.99e+01
    1.27e-03    1.89e+01    3.07e+01    7.62e+01    7.03e+01
    2.98e-03    1.15e+01    1.82e+01    7.78e+01    6.98e+01
    6.95e-03    5.82e+00    1.05e+01    7.07e+01    6.55e+01
    1.62e-02    5.13e+00    7.12e+00    5.92e+01    5.44e+01
    3.79e-02    5.25e+00    7.00e+00    4.02e+01    4.09e+01
    8.86e-02    5.50e+00    9.30e+00    2.32e+01    3.23e+01
    2.07e-01    1.24e+01    1.35e+01    2.22e+01    2.96e+01
    4.83e-01    1.87e+01    1.90e+01    2.11e+01    3.06e+01
    1.13e+00    2.90e+01    2.48e+01    2.39e+01    3.32e+01
    2.64e+00    6.02e+01    3.02e+01    3.26e+01    3.60e+01
    6.16e+00    6.30e+01    3.46e+01    3.37e+01    3.85e+01
    1.44e+01    7.68e+01    3.79e+01    3.73e+01    4.05e+01
    3.36e+01    4.73e+01    4.03e+01    3.20e+01    4.19e+01
    7.85e+01    8.83e+01    4.20e+01    4.10e+01    4.29e+01
    1.83e+02    8.15e+01    4.31e+01    4.07e+01    4.36e+01
    4.28e+02    1.27e+02    4.39e+01    4.70e+01    4.41e+01
    1.00e+03    1.03e+02    4.44e+01    4.46e+01    4.44e+01

Final resistivity structure
 No.  Rho(Ohm.m)        h(m)
   1    5.20e+02    5.00e+00
   2    3.42e+02    5.00e+00
   3    2.24e+02    5.00e+00
   4    1.48e+02    5.00e+00
   5    9.76e+01    5.00e+00
   6    6.48e+01    5.00e+00
   7    4.35e+01    5.00e+00
   8    2.96e+01    5.00e+00
   9    2.05e+01    5.00e+00
  10    1.46e+01    5.00e+00
  11    1.06e+01    5.00e+00
  12    8.05e+00    5.00e+00
  13    6.30e+00    5.00e+00
  14    5.11e+00    5.00e+00
  15    4.29e+00    5.00e+00
  16    3.72e+00    5.00e+00
  17    3.32e+00    5.00e+00
  18    3.06e+00    5.00e+00
  19    2.89e+00    5.00e+00
  20    2.81e+00    5.00e+00
  21    2.80e+00    5.00e+00
  22    2.85e+00    5.00e+00
  23    2.97e+00    5.00e+00
  24    3.16e+00    5.00e+00
  25    3.43e+00    5.00e+00
  26    3.79e+00    5.00e+00
  27    4.25e+00    5.00e+00
  28    4.84e+00    5.00e+00
  29    5.59e+00    5.00e+00
  30    6.52e+00    5.00e+00
  31    7.70e+00    5.00e+00
  32    9.17e+00    5.00e+00
  33    1.10e+01    5.00e+00
  34    1.33e+01    5.00e+00
  35    1.62e+01    5.00e+00
  36    1.98e+01    5.00e+00
  37    2.43e+01    5.00e+00
  38    2.99e+01    5.00e+00
  39    3.68e+01    5.00e+00
  40    4.53e+01

History of objective function
   Epoch  Obj.function
       0      2.26e+02
       1      1.38e+01
       2      2.52e+00
       3      1.80e+00
       4      1.56e+00
       5      1.44e+00
       6      1.38e+00
       7      1.36e+00
       8      1.35e+00
